2023-07-27 21:39:03,054 : INFO : test_e2end : signin button
2023-07-27 21:39:05,445 : INFO : test_e2end : username entered
2023-07-27 21:39:05,651 : INFO : test_e2end : Passwd entered
2023-07-27 21:39:05,756 : INFO : test_e2end : submit_button
2023-07-27 21:39:11,305 : INFO : test_e2end : take new quiz
2023-07-27 21:39:11,490 : INFO : test_e2end : quest1
2023-07-27 21:39:11,592 : INFO : test_e2end : quest2
2023-07-27 21:39:11,693 : INFO : test_e2end : quest3
2023-07-27 21:39:11,807 : INFO : test_e2end : quest4
2023-07-27 21:39:11,959 : INFO : test_e2end : quest5
2023-07-27 21:39:12,158 : INFO : test_e2end : next button
2023-07-27 21:39:15,056 : INFO : test_e2end : quest6
2023-07-27 22:49:50,396 : INFO : test_e2end : username entered
2023-07-27 22:49:50,484 : INFO : test_e2end : Passwd entered
2023-07-27 22:49:54,465 : INFO : test_e2end : take new quiz
2023-07-27 22:49:54,951 : INFO : test_e2end : Page 1 saved
2023-07-27 23:13:01,282 : INFO : test_e2end : username entered
2023-07-27 23:13:01,541 : INFO : test_e2end : Passwd entered
2023-07-27 23:16:44,341 : INFO : test_e2end : username entered
2023-07-27 23:16:44,460 : INFO : test_e2end : Passwd entered
2023-07-27 23:16:47,768 : INFO : test_e2end : take new quiz
2023-07-27 23:16:48,318 : INFO : test_e2end : Page 1 saved
2023-07-27 23:20:50,122 : INFO : test_e2end : username entered
2023-07-27 23:20:50,215 : INFO : test_e2end : Passwd entered
2023-07-27 23:20:53,895 : INFO : test_e2end : take new quiz
2023-07-27 23:20:54,542 : INFO : test_e2end : Page 1 saved
2023-07-27 23:25:12,926 : INFO : test_e2end : username entered
2023-07-27 23:25:13,017 : INFO : test_e2end : Passwd entered
2023-07-27 23:25:16,700 : INFO : test_e2end : take new quiz
2023-07-27 23:25:17,493 : INFO : test_e2end : Page 1 saved
2023-07-28 15:17:39,533 : INFO : test_e2end : username entered
2023-07-28 15:17:39,616 : INFO : test_e2end : Passwd entered
2023-07-28 15:17:45,123 : INFO : test_e2end : take new quiz
2023-07-28 15:17:45,729 : INFO : test_e2end : Page 1 saved
2023-07-28 15:28:10,153 : INFO : test_e2end : username entered
2023-07-28 15:28:10,273 : INFO : test_e2end : Passwd entered
2023-07-28 15:28:14,565 : INFO : test_e2end : take new quiz
2023-07-28 15:28:15,400 : INFO : test_e2end : Page 1 saved
2023-07-28 15:37:11,602 : INFO : test_e2end : username entered
2023-07-28 15:37:11,719 : INFO : test_e2end : Passwd entered
2023-07-28 15:37:15,172 : INFO : test_e2end : take new quiz
2023-07-28 15:37:16,074 : INFO : test_e2end : Page 1 saved
2023-07-28 16:10:44,119 : INFO : test_e2end : username entered
2023-07-28 16:10:44,211 : INFO : test_e2end : Passwd entered
2023-07-28 16:10:47,339 : INFO : test_e2end : take new quiz
2023-07-28 16:10:47,849 : INFO : test_e2end : Page 1 saved
2023-07-28 16:21:34,470 : INFO : test_e2end : username entered
2023-07-28 16:21:34,546 : INFO : test_e2end : Passwd entered
2023-07-28 16:21:38,899 : INFO : test_e2end : take new quiz
2023-07-28 16:21:39,796 : INFO : test_e2end : Page 1 saved
2023-07-29 17:28:48,638 : INFO : test_e2end : username entered
2023-07-29 17:28:48,774 : INFO : test_e2end : Passwd entered
2023-07-29 18:17:52,060 : INFO : test_e2end : username entered
2023-07-29 18:17:52,268 : INFO : test_e2end : Passwd entered
2023-07-29 18:23:06,112 : INFO : test_e2end : username entered
2023-07-29 18:23:06,282 : INFO : test_e2end : Passwd entered
2023-07-29 18:23:10,520 : INFO : test_e2end : take new quiz
2023-07-29 18:23:11,460 : INFO : test_e2end : Page 1 saved
2023-07-29 19:58:37,138 : INFO : test_e2end : username entered
2023-07-29 19:58:37,257 : INFO : test_e2end : Passwd entered
2023-07-29 19:58:43,015 : INFO : test_e2end : take new quiz
2023-07-29 19:58:43,564 : INFO : test_e2end : Page 1 saved
2023-07-29 20:07:55,543 : INFO : test_e2end : username entered
2023-07-29 20:07:55,626 : INFO : test_e2end : Passwd entered
2023-07-29 20:07:59,939 : INFO : test_e2end : take new quiz
2023-07-29 20:08:00,475 : INFO : test_e2end : Page 1 saved
2023-07-29 20:24:04,802 : INFO : test_e2end : username entered
2023-07-29 20:24:04,870 : INFO : test_e2end : Passwd entered
2023-07-29 20:24:09,031 : INFO : test_e2end : take new quiz
2023-07-29 20:24:09,557 : INFO : test_e2end : Page 1 saved
2023-07-29 20:24:15,502 : INFO : test_e2end : username entered
2023-07-29 20:24:15,502 : INFO : test_e2end : username entered
2023-07-29 20:24:15,579 : INFO : test_e2end : Passwd entered
2023-07-29 20:24:15,579 : INFO : test_e2end : Passwd entered
2023-07-29 21:21:27,144 : INFO : test_e2end : username entered
2023-07-29 21:21:27,218 : INFO : test_e2end : Passwd entered
2023-07-29 21:21:30,454 : INFO : test_e2end : take new quiz
2023-07-29 21:21:31,103 : INFO : test_e2end : Page 1 saved
2023-07-29 21:21:37,669 : INFO : test_e2end : username entered
2023-07-29 21:21:37,669 : INFO : test_e2end : username entered
2023-07-29 21:21:37,730 : INFO : test_e2end : Passwd entered
2023-07-29 21:21:37,730 : INFO : test_e2end : Passwd entered
2023-07-29 21:21:40,688 : INFO : test_e2end : take new quiz
2023-07-29 21:21:40,688 : INFO : test_e2end : take new quiz
2023-07-29 21:21:41,185 : INFO : test_e2end : Page 1 saved
2023-07-29 21:21:41,185 : INFO : test_e2end : Page 1 saved
2023-07-29 22:39:08,057 : INFO : test_e2end : username entered
2023-07-29 22:39:08,140 : INFO : test_e2end : Passwd entered
2023-07-29 22:39:13,461 : INFO : test_e2end : take new quiz
